Room - Entrance
Inventory: empty
Room - Main
Error
Room - Entrance
Item axe added to the inventory.
Room - Main
Room - Staircase (exit)
bottle contains note.
Item note added to the inventory.
Item axe added to the bottle.
Room - Main
Error
Error
Item sword added to the inventory.
You assault the dragon with the sword.
Giant scares you away
Room - Entrance
sword dropped.
Room - Main
Room - Staircase (exit)
Item axe added to the inventory.
Room - Main
axe dropped.
Error
Item axe added to the inventory.
Error
You assault the giant with the axe.
Game Over
